[coderthemes.com/simple/layouts/vertical/index.html]
[backblue.gif]
[fade.gif]
[index.html]
[coderthemes.com/simple/layouts/vertical/assets/images/favicon.ico]
[coderthemes.com/simple/layouts/vertical/assets/css/bootstrap.min.css]
[coderthemes.com/simple/layouts/vertical/assets/css/app.min.css]
[coderthemes.com/simple/layouts/vertical/assets/css/icons.min.css]
[coderthemes.com/simple/layouts/vertical/assets/images/flags/us.jpg]
[coderthemes.com/simple/layouts/vertical/assets/images/flags/spain.jpg]
[coderthemes.com/simple/layouts/vertical/assets/images/flags/italy.jpg]
[coderthemes.com/simple/layouts/vertical/assets/images/flags/french.jpg]
[coderthemes.com/simple/layouts/vertical/assets/images/flags/russia.jpg]
[coderthemes.com/simple/layouts/vertical/assets/images/users/avatar-1.jpg]
[coderthemes.com/simple/layouts/vertical/assets/images/logo-dark.png]
[coderthemes.com/simple/layouts/vertical/assets/images/logo-sm.png]
[coderthemes.com/simple/layouts/vertical/assets/images/logo-light.png]
[coderthemes.com/simple/layouts/vertical/ui-elements.html]
[coderthemes.com/simple/layouts/vertical/components-range-slider.html]
[coderthemes.com/simple/layouts/vertical/components-alerts.html]
[coderthemes.com/simple/layouts/vertical/components-widgets.html]
[coderthemes.com/simple/layouts/vertical/components-icons.html]
[coderthemes.com/simple/layouts/vertical/typography.html]
[coderthemes.com/simple/layouts/vertical/forms-general.html]
[coderthemes.com/simple/layouts/vertical/forms-advanced.html]
[coderthemes.com/simple/layouts/vertical/tables-basic.html]
[coderthemes.com/simple/layouts/vertical/tables-advanced.html]
[coderthemes.com/simple/layouts/vertical/charts.html]
[coderthemes.com/simple/layouts/vertical/maps.html]
[coderthemes.com/simple/layouts/vertical/pages-login.html]
[coderthemes.com/simple/layouts/vertical/pages-register.html]
[coderthemes.com/simple/layouts/vertical/pages-forget-password.html]
[coderthemes.com/simple/layouts/vertical/pages-lock-screen.html]
[coderthemes.com/simple/layouts/vertical/pages-blank.html]
[coderthemes.com/simple/layouts/vertical/pages-404.html]
[coderthemes.com/simple/layouts/vertical/pages-confirm-mail.html]
[coderthemes.com/simple/layouts/vertical/pages-session-expired.html]
[coderthemes.com/simple/layouts/vertical/extras-timeline.html]
[coderthemes.com/simple/layouts/vertical/extras-invoice.html]
[coderthemes.com/simple/layouts/vertical/extras-profile.html]
[coderthemes.com/simple/layouts/vertical/extras-calendar.html]
[coderthemes.com/simple/layouts/vertical/extras-faqs.html]
[coderthemes.com/simple/layouts/vertical/extras-pricing.html]
[coderthemes.com/simple/layouts/vertical/extras-contacts.html]
[coderthemes.com/simple/layouts/vertical/layouts-horizontal.html]
[coderthemes.com/simple/layouts/vertical/layouts-dark-sidebar.html]
[coderthemes.com/simple/layouts/vertical/layouts-small-sidebar.html]
[coderthemes.com/simple/layouts/vertical/layouts-sidebar-collapsed.html]
[coderthemes.com/simple/layouts/vertical/assets/images/users/avatar-2.jpg]
[coderthemes.com/simple/layouts/vertical/assets/images/users/avatar-3.jpg]
[coderthemes.com/simple/layouts/vertical/assets/images/users/avatar-4.jpg]
[coderthemes.com/simple/layouts/vertical/assets/images/users/avatar-5.jpg]
[coderthemes.com/simple/layouts/vertical/assets/images/users/avatar-6.jpg]
[coderthemes.com/simple/layouts/vertical/assets/images/layouts/light.png]
[coderthemes.com/simple/layouts/vertical/assets/images/layouts/dark.png]
[coderthemes.com/simple/layouts/vertical/assets/css/app-dark.min.css]
[coderthemes.com/simple/layouts/vertical/assets/css/bootstrap-dark.min.css]
[coderthemes.com/simple/layouts/vertical/assets/images/layouts/rtl.png]
[coderthemes.com/simple/layouts/vertical/assets/css/app-rtl.min.css]
[coderthemes.com/simple/layouts/vertical/assets/js/vendor.min.js]
[coderthemes.com/simple/layouts/vertical/assets/libs/morris-js/morris.min.js]
[coderthemes.com/simple/layouts/vertical/assets/libs/raphael/raphael.min.js]
[coderthemes.com/simple/layouts/vertical/assets/js/pages/dashboard.init.js]
[coderthemes.com/simple/layouts/vertical/assets/js/app.min.js]
[coderthemes.com/simple/layouts/vertical/index.html]
[coderthemes.com/simple/layouts/vertical/assets/css/bootstrap.min.css]
[coderthemes.com/simple/layouts/vertical/assets/fonts/materialdesignicons-webfont2f9b.eot]
[coderthemes.com/simple/layouts/vertical/assets/fonts/materialdesignicons-webfontd41d.eot]
[coderthemes.com/simple/layouts/vertical/assets/fonts/materialdesignicons-webfont2f9b.woff2]
[coderthemes.com/simple/layouts/vertical/assets/fonts/materialdesignicons-webfont2f9b.woff]
[coderthemes.com/simple/layouts/vertical/assets/fonts/materialdesignicons-webfont2f9b.ttf]
[coderthemes.com/simple/layouts/vertical/assets/fonts/fa-brands-400.eot]
[coderthemes.com/simple/layouts/vertical/assets/fonts/fa-brands-400d41d.eot]
[coderthemes.com/simple/layouts/vertical/assets/fonts/fa-brands-400.woff2]
[coderthemes.com/simple/layouts/vertical/assets/fonts/fa-brands-400.woff]
[coderthemes.com/simple/layouts/vertical/assets/fonts/fa-brands-400.ttf]
[coderthemes.com/simple/layouts/vertical/assets/fonts/fa-regular-400.eot]
[coderthemes.com/simple/layouts/vertical/assets/fonts/fa-regular-400d41d.eot]
[coderthemes.com/simple/layouts/vertical/assets/fonts/fa-regular-400.woff2]
[coderthemes.com/simple/layouts/vertical/assets/fonts/fa-regular-400.woff]
[coderthemes.com/simple/layouts/vertical/assets/fonts/fa-regular-400.ttf]
[coderthemes.com/simple/layouts/vertical/assets/fonts/fa-solid-900.eot]
[coderthemes.com/simple/layouts/vertical/assets/fonts/fa-solid-900d41d.eot]
[coderthemes.com/simple/layouts/vertical/assets/fonts/fa-solid-900.woff2]
[coderthemes.com/simple/layouts/vertical/assets/fonts/fa-solid-900.woff]
[coderthemes.com/simple/layouts/vertical/assets/fonts/fa-solid-900.ttf]
[coderthemes.com/simple/layouts/vertical/assets/fonts/ioniconsde33.eot]
[coderthemes.com/simple/layouts/vertical/assets/fonts/ioniconsde33.woff2]
[coderthemes.com/simple/layouts/vertical/assets/fonts/ioniconsde33.woff]
[coderthemes.com/simple/layouts/vertical/assets/fonts/ioniconsde33.ttf]
[coderthemes.com/simple/layouts/vertical/assets/fonts/themify9f24.eot]
[coderthemes.com/simple/layouts/vertical/assets/fonts/themifyd41d.eot]
[coderthemes.com/simple/layouts/vertical/assets/fonts/themify9f24.woff]
[coderthemes.com/simple/layouts/vertical/assets/fonts/themify9f24.ttf]
[coderthemes.com/simple/layouts/vertical/assets/fonts/Simple-Line-Icons4c82.eot]
[coderthemes.com/simple/layouts/vertical/assets/fonts/Simple-Line-Iconsd41d.eot]
[coderthemes.com/simple/layouts/vertical/assets/fonts/Simple-Line-Icons4c82.ttf]
[coderthemes.com/simple/layouts/vertical/assets/fonts/Simple-Line-Icons4c82.woff2]
[coderthemes.com/simple/layouts/vertical/assets/fonts/Simple-Line-Icons4c82.woff]
[coderthemes.com/simple/layouts/vertical/assets/fonts/weathericons-regular-webfont.eot]
[coderthemes.com/simple/layouts/vertical/assets/fonts/weathericons-regular-webfontd41d.eot]
[coderthemes.com/simple/layouts/vertical/assets/fonts/weathericons-regular-webfont.woff2]
[coderthemes.com/simple/layouts/vertical/assets/fonts/weathericons-regular-webfont.woff]
[coderthemes.com/simple/layouts/vertical/assets/fonts/weathericons-regular-webfont.ttf]
[coderthemes.com/simple/layouts/vertical/assets/fonts/typicons.eot]
[coderthemes.com/simple/layouts/vertical/assets/fonts/typiconsd41d.eot]
[coderthemes.com/simple/layouts/vertical/assets/fonts/typicons.woff]
[coderthemes.com/simple/layouts/vertical/assets/fonts/typicons.ttf]
[coderthemes.com/simple/layouts/vertical/assets/fonts/Pe-icon-7-strokebb1d.eot]
[coderthemes.com/simple/layouts/vertical/assets/fonts/Pe-icon-7-stroked41d.eot]
[coderthemes.com/simple/layouts/vertical/assets/fonts/Pe-icon-7-strokebb1d.woff]
[coderthemes.com/simple/layouts/vertical/assets/fonts/Pe-icon-7-strokebb1d.ttf]
[coderthemes.com/simple/layouts/vertical/assets/css/icons.min.css]
[coderthemes.com/simple/layouts/vertical/assets/css/app.min.css]
[coderthemes.com/simple/layouts/vertical/ui-elements.html]
[coderthemes.com/simple/layouts/vertical/assets/libs/ion-rangeslider/ion.rangeSlider.css]
[coderthemes.com/simple/layouts/vertical/assets/libs/ion-rangeslider/ion.rangeSlider.min.js]
[coderthemes.com/simple/layouts/vertical/assets/js/pages/range-sliders.init.js]
[coderthemes.com/simple/layouts/vertical/components-range-slider.html]
[coderthemes.com/simple/layouts/vertical/assets/libs/sweetalert2/sweetalert2.min.css]
[coderthemes.com/simple/layouts/vertical/assets/libs/sweetalert2/sweetalert2.min.js]
[coderthemes.com/simple/layouts/vertical/assets/js/pages/sweet-alerts.init.js]
[coderthemes.com/simple/layouts/vertical/components-alerts.html]
[coderthemes.com/simple/layouts/vertical/components-icons.html]
[coderthemes.com/simple/layouts/vertical/components-widgets.html]
[coderthemes.com/simple/layouts/vertical/typography.html]
[coderthemes.com/simple/layouts/vertical/forms-general.html]
[coderthemes.com/simple/layouts/vertical/assets/libs/bootstrap-tagsinput/bootstrap-tagsinput.css]
[coderthemes.com/simple/layouts/vertical/assets/libs/switchery/switchery.min.css]
[coderthemes.com/simple/layouts/vertical/assets/libs/select2/select2.min.css]
[coderthemes.com/simple/layouts/vertical/assets/libs/clockpicker/bootstrap-clockpicker.min.css]
[coderthemes.com/simple/layouts/vertical/assets/libs/bootstrap-timepicker/bootstrap-timepicker.min.css]
[coderthemes.com/simple/layouts/vertical/assets/libs/bootstrap-colorpicker/bootstrap-colorpicker.min.css]
[coderthemes.com/simple/layouts/vertical/assets/libs/bootstrap-datepicker/bootstrap-datepicker.css]
[coderthemes.com/simple/layouts/vertical/assets/libs/bootstrap-daterangepicker/daterangepicker.css]
[coderthemes.com/simple/layouts/vertical/assets/libs/summernote/summernote-bs4.css]
[coderthemes.com/simple/layouts/vertical/assets/libs/moment/moment.min.js]
[coderthemes.com/simple/layouts/vertical/assets/libs/bootstrap-tagsinput/bootstrap-tagsinput.min.js]
[coderthemes.com/simple/layouts/vertical/assets/libs/switchery/switchery.min.js]
[coderthemes.com/simple/layouts/vertical/assets/libs/select2/select2.min.js]
[coderthemes.com/simple/layouts/vertical/assets/libs/parsleyjs/parsley.min.js]
[coderthemes.com/simple/layouts/vertical/assets/libs/bootstrap-filestyle2/bootstrap-filestyle.min.js]
[coderthemes.com/simple/layouts/vertical/assets/libs/bootstrap-timepicker/bootstrap-timepicker.min.js]
[coderthemes.com/simple/layouts/vertical/assets/libs/bootstrap-colorpicker/bootstrap-colorpicker.min.js]
[coderthemes.com/simple/layouts/vertical/assets/libs/clockpicker/bootstrap-clockpicker.min.js]
[coderthemes.com/simple/layouts/vertical/assets/libs/bootstrap-datepicker/bootstrap-datepicker.min.js]
[coderthemes.com/simple/layouts/vertical/assets/libs/bootstrap-daterangepicker/daterangepicker.js]
[coderthemes.com/simple/layouts/vertical/assets/libs/summernote/summernote-bs4.min.js]
[coderthemes.com/simple/layouts/vertical/assets/js/pages/form-advanced.init.js]
[coderthemes.com/simple/layouts/vertical/forms-advanced.html]
[coderthemes.com/simple/layouts/vertical/tables-basic.html]
[coderthemes.com/simple/layouts/vertical/assets/libs/datatables/dataTables.bootstrap4.css]
[coderthemes.com/simple/layouts/vertical/assets/libs/datatables/buttons.bootstrap4.css]
[coderthemes.com/simple/layouts/vertical/assets/libs/datatables/responsive.bootstrap4.css]
[coderthemes.com/simple/layouts/vertical/assets/libs/datatables/select.bootstrap4.css]
[coderthemes.com/simple/layouts/vertical/assets/libs/datatables/jquery.dataTables.min.js]
[coderthemes.com/simple/layouts/vertical/assets/libs/datatables/dataTables.bootstrap4.min.js]
[coderthemes.com/simple/layouts/vertical/assets/libs/datatables/dataTables.buttons.min.js]
[coderthemes.com/simple/layouts/vertical/assets/libs/datatables/buttons.bootstrap4.min.js]
[coderthemes.com/simple/layouts/vertical/assets/libs/datatables/dataTables.keyTable.min.js]
[coderthemes.com/simple/layouts/vertical/assets/libs/datatables/dataTables.select.min.js]
[coderthemes.com/simple/layouts/vertical/assets/libs/jszip/jszip.min.js]
[coderthemes.com/simple/layouts/vertical/assets/libs/pdfmake/pdfmake.min.js]
[coderthemes.com/simple/layouts/vertical/assets/libs/pdfmake/vfs_fonts.js]
[coderthemes.com/simple/layouts/vertical/assets/libs/datatables/buttons.html5.min.js]
[coderthemes.com/simple/layouts/vertical/assets/libs/datatables/buttons.print.min.js]
[coderthemes.com/simple/layouts/vertical/assets/libs/datatables/dataTables.responsive.min.js]
[coderthemes.com/simple/layouts/vertical/assets/libs/datatables/responsive.bootstrap4.min.js]
[coderthemes.com/simple/layouts/vertical/assets/js/pages/datatables.init.js]
[coderthemes.com/simple/layouts/vertical/tables-advanced.html]
[coderthemes.com/simple/layouts/vertical/assets/js/pages/morris.init.js]
[coderthemes.com/simple/layouts/vertical/assets/libs/flot-charts/jquery.flot.js]
[coderthemes.com/simple/layouts/vertical/assets/libs/flot-charts/jquery.flot.time.js]
[coderthemes.com/simple/layouts/vertical/assets/libs/flot-charts/jquery.flot.tooltip.min.js]
[coderthemes.com/simple/layouts/vertical/assets/libs/flot-charts/jquery.flot.resize.js]
[coderthemes.com/simple/layouts/vertical/assets/libs/flot-charts/jquery.flot.pie.js]
[coderthemes.com/simple/layouts/vertical/assets/libs/flot-charts/jquery.flot.selection.js]
[coderthemes.com/simple/layouts/vertical/assets/libs/flot-charts/jquery.flot.stack.js]
[coderthemes.com/simple/layouts/vertical/assets/libs/flot-charts/jquery.flot.orderBars.js]
[coderthemes.com/simple/layouts/vertical/assets/libs/flot-charts/jquery.flot.crosshair.js]
[coderthemes.com/simple/layouts/vertical/assets/libs/flot-charts/jquery.flot.axislabels.js]
[coderthemes.com/simple/layouts/vertical/assets/libs/jquery-knob/jquery.knob.min.js]
[coderthemes.com/simple/layouts/vertical/assets/js/pages/flot.init.js]
[coderthemes.com/simple/layouts/vertical/charts.html]
[coderthemes.com/simple/layouts/vertical/assets/libs/jquery-vectormap/jquery-jvectormap-1.2.2.css]
[coderthemes.com/simple/layouts/vertical/assets/libs/gmaps/gmaps.min.js]
[coderthemes.com/simple/layouts/vertical/assets/js/pages/google-maps.init.js]
[coderthemes.com/simple/layouts/vertical/assets/libs/jquery-vectormap/jquery-jvectormap-1.2.2.min.js]
[coderthemes.com/simple/layouts/vertical/assets/libs/jquery-vectormap/jquery-jvectormap-world-mill-en.js]
[coderthemes.com/simple/layouts/vertical/assets/libs/jquery-vectormap/jquery-jvectormap-us-merc-en.js]
[coderthemes.com/simple/layouts/vertical/assets/libs/jquery-vectormap/jquery-jvectormap-in-mill-en.js]
[coderthemes.com/simple/layouts/vertical/assets/libs/jquery-vectormap/jquery-jvectormap-au-mill-en.js]
[coderthemes.com/simple/layouts/vertical/assets/libs/jquery-vectormap/jquery-jvectormap-us-il-chicago-mill-en.js]
[coderthemes.com/simple/layouts/vertical/assets/libs/jquery-vectormap/jquery-jvectormap-uk-mill-en.js]
[coderthemes.com/simple/layouts/vertical/assets/libs/jquery-vectormap/jquery-jvectormap-ca-lcc-en.js]
[coderthemes.com/simple/layouts/vertical/assets/js/pages/vector-maps.init.js]
[coderthemes.com/simple/layouts/vertical/maps.html]
[coderthemes.com/simple/layouts/vertical/pages-login.html]
[coderthemes.com/simple/layouts/vertical/pages-register.html]
[coderthemes.com/simple/layouts/vertical/pages-forget-password.html]
[coderthemes.com/simple/layouts/vertical/pages-lock-screen.html]
[coderthemes.com/simple/layouts/vertical/pages-blank.html]
[coderthemes.com/simple/layouts/vertical/pages-404.html]
[coderthemes.com/simple/layouts/vertical/pages-confirm-mail.html]
[coderthemes.com/simple/layouts/vertical/pages-session-expired.html]
[coderthemes.com/simple/layouts/vertical/extras-timeline.html]
[coderthemes.com/simple/layouts/vertical/extras-invoice.html]
[coderthemes.com/simple/layouts/vertical/extras-profile.html]
[coderthemes.com/simple/layouts/vertical/assets/libs/fullcalendar/fullcalendar.min.css]
[coderthemes.com/simple/layouts/vertical/assets/libs/jquery-ui/jquery-ui.min.js]
[coderthemes.com/simple/layouts/vertical/assets/js/pages/calendar.init.js]
[coderthemes.com/simple/layouts/vertical/extras-calendar.html]
[coderthemes.com/simple/layouts/vertical/extras-faqs.html]
[coderthemes.com/simple/layouts/vertical/extras-pricing.html]
[coderthemes.com/simple/layouts/vertical/extras-contacts.html]
[coderthemes.com/simple/layouts/vertical/layouts-horizontal.html]
[coderthemes.com/simple/layouts/vertical/layouts-dark-sidebar.html]
[coderthemes.com/simple/layouts/vertical/layouts-small-sidebar.html]
[coderthemes.com/simple/layouts/vertical/layouts-sidebar-collapsed.html]
[coderthemes.com/simple/layouts/vertical/assets/css/bootstrap-dark.min.css]
[coderthemes.com/simple/layouts/vertical/assets/css/app-dark.min.css]
[coderthemes.com/simple/layouts/vertical/assets/css/app-rtl.min.css]
[coderthemes.com/simple/layouts/vertical/assets/fonts/fa-brands-400.svg]
[coderthemes.com/simple/layouts/vertical/assets/fonts/fa-regular-400.svg]
[coderthemes.com/simple/layouts/vertical/assets/libs/fullcalendar/fullcalendar.min.js]
[coderthemes.com/simple/layouts/vertical/assets/fonts/fa-solid-900.svg]
[coderthemes.com/simple/layouts/vertical/assets/fonts/ioniconsde33.svg]
[coderthemes.com/simple/layouts/vertical/assets/fonts/themify9f24.svg]
[coderthemes.com/simple/layouts/vertical/assets/fonts/Simple-Line-Icons4c82.svg]
[coderthemes.com/simple/layouts/vertical/assets/fonts/weathericons-regular-webfont.svg]
[coderthemes.com/simple/layouts/vertical/assets/fonts/typicons.svg]
[coderthemes.com/simple/layouts/vertical/assets/fonts/Pe-icon-7-strokebb1d.svg]
[coderthemes.com/simple/layouts/vertical/assets/libs/ion-rangeslider/ion.rangeSlider.css]
[coderthemes.com/simple/layouts/vertical/assets/libs/sweetalert2/sweetalert2.min.css]
[coderthemes.com/simple/layouts/vertical/assets/libs/bootstrap-tagsinput/bootstrap-tagsinput.css]
[coderthemes.com/simple/layouts/vertical/assets/libs/switchery/switchery.min.css]
[coderthemes.com/simple/layouts/vertical/assets/libs/select2/select2.min.css]
[coderthemes.com/simple/layouts/vertical/assets/libs/clockpicker/bootstrap-clockpicker.min.css]
[coderthemes.com/simple/layouts/vertical/assets/libs/bootstrap-timepicker/bootstrap-timepicker.min.css]
[coderthemes.com/simple/layouts/vertical/assets/libs/bootstrap-colorpicker/bootstrap-colorpicker.min.css]
[coderthemes.com/simple/layouts/vertical/assets/libs/bootstrap-datepicker/bootstrap-datepicker.css]
[coderthemes.com/simple/layouts/vertical/assets/libs/bootstrap-daterangepicker/daterangepicker.css]
[coderthemes.com/simple/layouts/vertical/assets/libs/summernote/summernote-bs4.css]
[coderthemes.com/simple/layouts/vertical/assets/libs/datatables/dataTables.bootstrap4.css]
[coderthemes.com/simple/layouts/vertical/assets/libs/datatables/buttons.bootstrap4.css]
[coderthemes.com/simple/layouts/vertical/assets/libs/datatables/responsive.bootstrap4.css]
[coderthemes.com/simple/layouts/vertical/assets/libs/datatables/select.bootstrap4.css]
[coderthemes.com/simple/layouts/vertical/assets/libs/jquery-vectormap/jquery-jvectormap-1.2.2.css]
[coderthemes.com/simple/layouts/vertical/page-recoverpw.html]
[coderthemes.com/simple/layouts/vertical/assets/images/cancel.svg]
[coderthemes.com/simple/layouts/vertical/assets/images/success.svg]
[coderthemes.com/simple/layouts/vertical/assets/images/warming.svg]
[coderthemes.com/simple/layouts/vertical/assets/libs/fullcalendar/fullcalendar.min.css]
[coderthemes.com/simple/layouts/vertical/assets/libs/summernote/font/summernote64fe.html]
[coderthemes.com/simple/layouts/vertical/assets/libs/summernote/font/summernote64fe-2.html]
[coderthemes.com/simple/layouts/vertical/assets/libs/summernote/font/summernote64fe-3.html]
